2017-01-03 18:03:44,642 - ---------------------------------------------------------------------------
2017-01-03 18:03:44,642 - CREATE CASSANDRA CONTEXT
2017-01-03 18:03:44,675 - Inserting to Cassandra with consistency_level=4
2017-01-03 18:03:44,689 - 10
2017-01-03 18:03:44,705 - 20
2017-01-03 18:03:44,715 - 30
2017-01-03 18:03:44,726 - 40
2017-01-03 18:03:44,736 - 50
2017-01-03 18:03:44,747 - 60
2017-01-03 18:03:44,759 - 70
2017-01-03 18:03:44,769 - 80
2017-01-03 18:03:44,779 - 90
2017-01-03 18:03:44,793 - 100
2017-01-03 18:03:44,807 - 110
2017-01-03 18:03:44,822 - 120
2017-01-03 18:03:44,849 - 130
2017-01-03 18:03:44,864 - 140
2017-01-03 18:03:44,876 - 150
2017-01-03 18:03:44,888 - 160
2017-01-03 18:03:44,901 - 170
2017-01-03 18:03:44,913 - 180
2017-01-03 18:03:44,927 - 190
2017-01-03 18:03:44,941 - 200
2017-01-03 18:03:44,956 - 210
2017-01-03 18:03:44,969 - 220
2017-01-03 18:03:44,982 - 230
2017-01-03 18:03:44,994 - 240
2017-01-03 18:03:45,019 - 250
2017-01-03 18:03:45,032 - 260
2017-01-03 18:03:45,043 - 270
2017-01-03 18:03:45,053 - 280
2017-01-03 18:03:45,064 - 290
2017-01-03 18:03:45,075 - 300
2017-01-03 18:03:45,091 - 310
2017-01-03 18:03:45,101 - 320
2017-01-03 18:03:45,111 - 330
2017-01-03 18:03:45,121 - 340
2017-01-03 18:03:45,144 - 350
2017-01-03 18:03:45,155 - 360
2017-01-03 18:03:45,166 - 370
2017-01-03 18:03:45,176 - 380
2017-01-03 18:03:45,187 - 390
2017-01-03 18:03:45,198 - 400
2017-01-03 18:03:45,209 - 410
2017-01-03 18:03:45,222 - 420
2017-01-03 18:03:45,233 - 430
2017-01-03 18:03:45,244 - 440
2017-01-03 18:03:45,254 - 450
2017-01-03 18:03:45,264 - 460
2017-01-03 18:03:45,284 - 470
2017-01-03 18:03:45,293 - 480
2017-01-03 18:03:45,303 - 490
2017-01-03 18:03:45,312 - 500
2017-01-03 18:03:45,321 - 510
2017-01-03 18:03:45,331 - 520
2017-01-03 18:03:45,339 - 530
2017-01-03 18:03:45,353 - 540
2017-01-03 18:03:45,368 - 550
2017-01-03 18:03:45,379 - 560
2017-01-03 18:03:45,389 - 570
2017-01-03 18:03:45,398 - 580
2017-01-03 18:03:45,408 - 590
2017-01-03 18:03:45,420 - 600
2017-01-03 18:03:45,432 - 610
2017-01-03 18:03:45,443 - 620
2017-01-03 18:03:45,454 - 630
2017-01-03 18:03:45,465 - 640
2017-01-03 18:03:45,476 - 650
2017-01-03 18:03:45,488 - 660
2017-01-03 18:03:45,499 - 670
2017-01-03 18:03:45,512 - 680
2017-01-03 18:03:45,532 - 690
2017-01-03 18:03:45,546 - 700
2017-01-03 18:03:45,557 - 710
2017-01-03 18:03:45,567 - 720
2017-01-03 18:03:45,582 - 730
2017-01-03 18:03:45,599 - 740
2017-01-03 18:03:45,610 - 750
2017-01-03 18:03:45,622 - 760
2017-01-03 18:03:45,631 - 770
2017-01-03 18:03:45,641 - 780
2017-01-03 18:03:45,652 - 790
2017-01-03 18:03:45,661 - 800
2017-01-03 18:03:45,670 - 810
2017-01-03 18:03:45,680 - 820
2017-01-03 18:03:45,688 - 830
2017-01-03 18:03:45,698 - 840
2017-01-03 18:03:45,709 - 850
2017-01-03 18:03:45,718 - 860
2017-01-03 18:03:45,727 - 870
2017-01-03 18:03:45,736 - 880
2017-01-03 18:03:45,746 - 890
2017-01-03 18:03:45,756 - 900
2017-01-03 18:03:45,767 - 910
2017-01-03 18:03:45,779 - 920
2017-01-03 18:03:45,789 - 930
2017-01-03 18:03:45,807 - 940
2017-01-03 18:03:45,826 - 950
2017-01-03 18:03:45,838 - 960
2017-01-03 18:03:45,847 - 970
2017-01-03 18:03:45,857 - 980
2017-01-03 18:03:45,867 - 990
2017-01-03 18:03:45,867 - Duration: 0:00:01.191124
2017-01-03 18:03:45,867 - Duration: 0:00:01.191531
2017-01-03 18:03:45,867 - 
FINISHED

